<?xml version="1.0" encoding="UTF-8"?>
<testng-results skipped="0" failed="0" total="2" passed="2">
  <reporter-output>
  </reporter-output>
  <suite name="Suite" duration-ms="51166" started-at="2020-04-12T01:19:35Z" finished-at="2020-04-12T01:20:27Z">
    <groups>
      <group name="cucumber">
        <method signature="AbstractTestNGCucumberTests.feature(cucumber.api.testng.CucumberFeatureWrapper)[pri:0, instance:walmart.Runner.Runner@737996a0]" name="feature" class="cucumber.api.testng.AbstractTestNGCucumberTests"/>
      </group> <!-- cucumber -->
    </groups>
    <test name="Test" duration-ms="51166" started-at="2020-04-12T01:19:35Z" finished-at="2020-04-12T01:20:27Z">
      <class name="walmart.Runner.Runner">
        <test-method status="PASS" signature="setUpClass()[pri:0, instance:walmart.Runner.Runner@737996a0]" name="setUpClass" is-config="true" duration-ms="820" started-at="2020-04-11T21:19:35Z" finished-at="2020-04-11T21:19:36Z">
          <reporter-output>
          </reporter-output>
        </test-method> <!-- setUpClass -->
        <test-method status="PASS" signature="feature(cucumber.api.testng.CucumberFeatureWrapper)[pri:0, instance:walmart.Runner.Runner@737996a0]" name="feature" duration-ms="26157" started-at="2020-04-11T21:19:36Z" description="Runs Cucumber Feature" data-provider="features" finished-at="2020-04-11T21:20:03Z">
          <params>
            <param index="0">
              <value>
                <![CDATA[As a user I want to be able to see shop all page]]>
              </value>
            </param>
          </params>
          <reporter-output>
          </reporter-output>
        </test-method> <!-- feature -->
        <test-method status="PASS" signature="feature(cucumber.api.testng.CucumberFeatureWrapper)[pri:0, instance:walmart.Runner.Runner@737996a0]" name="feature" duration-ms="22145" started-at="2020-04-11T21:20:03Z" description="Runs Cucumber Feature" data-provider="features" finished-at="2020-04-11T21:20:25Z">
          <params>
            <param index="0">
              <value>
                <![CDATA[As a user I want to land on the Walmart homepage]]>
              </value>
            </param>
          </params>
          <reporter-output>
          </reporter-output>
        </test-method> <!-- feature -->
        <test-method status="PASS" signature="writeExtentReport()[pri:0, instance:walmart.Runner.Runner@737996a0]" name="writeExtentReport" is-config="true" duration-ms="29" started-at="2020-04-11T21:20:25Z" finished-at="2020-04-11T21:20:25Z">
          <reporter-output>
          </reporter-output>
        </test-method> <!-- writeExtentReport -->
        <test-method status="PASS" signature="tearDownClass()[pri:0, instance:walmart.Runner.Runner@737996a0]" name="tearDownClass" is-config="true" duration-ms="1786" started-at="2020-04-11T21:20:25Z" finished-at="2020-04-11T21:20:27Z">
          <reporter-output>
          </reporter-output>
        </test-method> <!-- tearDownClass -->
      </class> <!-- walmart.Runner.Runner -->
    </test> <!-- Test -->
  </suite> <!-- Suite -->
</testng-results>
